-------------------------------------------------------------------------------
Test set: pt.isel.mpd.weathergw.test.TestCityLazyInit
-------------------------------------------------------------------------------
Tests run: 2, Failures: 2, Errors: 0, Skipped: 0, Time elapsed: 0.095 sec <<< FAILURE!
test_city_eager_init(pt.isel.mpd.weathergw.test.TestCityLazyInit)  Time elapsed: 0.007 sec  <<< FAILURE!
junit.framework.AssertionFailedError: expected:<32> but was:<[LocalInfo{date=Thu Jan 15 00:00:00 GMT 2015, tempC=18, weatherDesc=Patchy rain nearby, precipMM=15.3, feelsLikeC=18}, LocalInfo{date=Fri Jan 16 00:00:00 GMT 2015, tempC=13, weatherDesc=Light rain shower, precipMM=4.4, feelsLikeC=10}, LocalInfo{date=Sat Jan 17 00:00:00 GMT 2015, tempC=15, weatherDesc=Partly Cloudy , precipMM=2.6, feelsLikeC=15}, LocalInfo{date=Sun Jan 18 00:00:00 GMT 2015, tempC=18, weatherDesc=Partly Cloudy , precipMM=25.7, feelsLikeC=16}, LocalInfo{date=Mon Jan 19 00:00:00 GMT 2015, tempC=13, weatherDesc=Sunny, precipMM=0.0, feelsLikeC=9}, LocalInfo{date=Tue Jan 20 00:00:00 GMT 2015, tempC=13, weatherDesc=Light rain shower, precipMM=3.5, feelsLikeC=10}, LocalInfo{date=Wed Jan 21 00:00:00 GMT 2015, tempC=13, weatherDesc=Light rain shower, precipMM=0.9, feelsLikeC=10}, LocalInfo{date=Thu Jan 22 00:00:00 GMT 2015, tempC=14, weatherDesc=Light drizzle, precipMM=2.7, feelsLikeC=11}, LocalInfo{date=Fri Jan 23 00:00:00 GMT 2015, tempC=17, weatherDesc=Patchy rain nearby, precipMM=0.3, feelsLikeC=16}, LocalInfo{date=Sat Jan 24 00:00:00 GMT 2015, tempC=16, weatherDesc=Sunny, precipMM=0.0, feelsLikeC=14}, LocalInfo{date=Sun Jan 25 00:00:00 GMT 2015, tempC=18, weatherDesc=Partly Cloudy , precipMM=0.0, feelsLikeC=17}, LocalInfo{date=Mon Jan 26 00:00:00 GMT 2015, tempC=16, weatherDesc=Sunny, precipMM=0.0, feelsLikeC=16}, LocalInfo{date=Tue Jan 27 00:00:00 GMT 2015, tempC=18, weatherDesc=Sunny, precipMM=0.0, feelsLikeC=16}, LocalInfo{date=Wed Jan 28 00:00:00 GMT 2015, tempC=18, weatherDesc=Sunny, precipMM=0.0, feelsLikeC=16}, LocalInfo{date=Thu Jan 29 00:00:00 GMT 2015, tempC=17, weatherDesc=Patchy rain nearby, precipMM=0.7, feelsLikeC=16}, LocalInfo{date=Fri Jan 30 00:00:00 GMT 2015, tempC=17, weatherDesc=Light drizzle, precipMM=3.1, feelsLikeC=16}, LocalInfo{date=Sat Jan 31 00:00:00 GMT 2015, tempC=15, weatherDesc=Partly Cloudy , precipMM=1.7, feelsLikeC=12}, LocalInfo{date=Sun Feb 01 00:00:00 GMT 2015, tempC=13, weatherDesc=Light rain shower, precipMM=0.5, feelsLikeC=10}, LocalInfo{date=Mon Feb 02 00:00:00 GMT 2015, tempC=16, weatherDesc=Light rain shower, precipMM=1.4, feelsLikeC=12}, LocalInfo{date=Tue Feb 03 00:00:00 GMT 2015, tempC=13, weatherDesc=Patchy rain nearby, precipMM=0.8, feelsLikeC=12}, LocalInfo{date=Wed Feb 04 00:00:00 GMT 2015, tempC=12, weatherDesc=Sunny, precipMM=0.2, feelsLikeC=8}, LocalInfo{date=Thu Feb 05 00:00:00 GMT 2015, tempC=12, weatherDesc=Sunny, precipMM=0.0, feelsLikeC=9}, LocalInfo{date=Fri Feb 06 00:00:00 GMT 2015, tempC=14, weatherDesc=Sunny, precipMM=1.8, feelsLikeC=11}, LocalInfo{date=Sat Feb 07 00:00:00 GMT 2015, tempC=11, weatherDesc=Sunny, precipMM=0.0, feelsLikeC=7}, LocalInfo{date=Sun Feb 08 00:00:00 GMT 2015, tempC=12, weatherDesc=Sunny, precipMM=0.0, feelsLikeC=6}, LocalInfo{date=Mon Feb 09 00:00:00 GMT 2015, tempC=15, weatherDesc=Sunny, precipMM=0.0, feelsLikeC=10}, LocalInfo{date=Tue Feb 10 00:00:00 GMT 2015, tempC=14, weatherDesc=Patchy rain nearby, precipMM=1.1, feelsLikeC=10}, LocalInfo{date=Wed Feb 11 00:00:00 GMT 2015, tempC=15, weatherDesc=Cloudy , precipMM=0.0, feelsLikeC=12}, LocalInfo{date=Thu Feb 12 00:00:00 GMT 2015, tempC=16, weatherDesc=Sunny, precipMM=0.0, feelsLikeC=16}, LocalInfo{date=Fri Feb 13 00:00:00 GMT 2015, tempC=16, weatherDesc=Sunny, precipMM=0.3, feelsLikeC=14}, LocalInfo{date=Sat Feb 14 00:00:00 GMT 2015, tempC=16, weatherDesc=Cloudy , precipMM=0.5, feelsLikeC=16}, LocalInfo{date=Sun Feb 15 00:00:00 GMT 2015, tempC=15, weatherDesc=Cloudy , precipMM=1.2, feelsLikeC=13}]>
	at junit.framework.Assert.fail(Assert.java:50)
	at junit.framework.Assert.failNotEquals(Assert.java:287)
	at junit.framework.Assert.assertEquals(Assert.java:67)
	at junit.framework.Assert.assertEquals(Assert.java:74)
	at pt.isel.mpd.weathergw.test.TestCityLazyInit.test_city_eager_init(TestCityLazyInit.java:31)
	at sun.reflect.NativeMethodAccessorImpl.invoke0(Native Method)
	at sun.reflect.NativeMethodAccessorImpl.invoke(NativeMethodAccessorImpl.java:62)
	at sun.reflect.DelegatingMethodAccessorImpl.invoke(DelegatingMethodAccessorImpl.java:43)
	at java.lang.reflect.Method.invoke(Method.java:483)
	at junit.framework.TestCase.runTest(TestCase.java:168)
	at junit.framework.TestCase.runBare(TestCase.java:134)
	at junit.framework.TestResult$1.protect(TestResult.java:110)
	at junit.framework.TestResult.runProtected(TestResult.java:128)
	at junit.framework.TestResult.run(TestResult.java:113)
	at junit.framework.TestCase.run(TestCase.java:124)
	at junit.framework.TestSuite.runTest(TestSuite.java:243)
	at junit.framework.TestSuite.run(TestSuite.java:238)
	at org.junit.internal.runners.JUnit38ClassRunner.run(JUnit38ClassRunner.java:83)
	at org.apache.maven.surefire.junit4.JUnit4TestSet.execute(JUnit4TestSet.java:53)
	at org.apache.maven.surefire.junit4.JUnit4Provider.executeTestSet(JUnit4Provider.java:123)
	at org.apache.maven.surefire.junit4.JUnit4Provider.invoke(JUnit4Provider.java:104)
	at sun.reflect.NativeMethodAccessorImpl.invoke0(Native Method)
	at sun.reflect.NativeMethodAccessorImpl.invoke(NativeMethodAccessorImpl.java:62)
	at sun.reflect.DelegatingMethodAccessorImpl.invoke(DelegatingMethodAccessorImpl.java:43)
	at java.lang.reflect.Method.invoke(Method.java:483)
	at org.apache.maven.surefire.util.ReflectionUtils.invokeMethodWithArray(ReflectionUtils.java:164)
	at org.apache.maven.surefire.booter.ProviderFactory$ProviderProxy.invoke(ProviderFactory.java:110)
	at org.apache.maven.surefire.booter.SurefireStarter.invokeProvider(SurefireStarter.java:175)
	at org.apache.maven.surefire.booter.SurefireStarter.runSuitesInProcessWhenForked(SurefireStarter.java:107)
	at org.apache.maven.surefire.booter.ForkedBooter.main(ForkedBooter.java:68)
test_city_lazy_init(pt.isel.mpd.weathergw.test.TestCityLazyInit)  Time elapsed: 0.086 sec  <<< FAILURE!
junit.framework.AssertionFailedError: expected:<32> but was:<[LocalInfo{date=Thu Jan 15 00:00:00 GMT 2015, tempC=18, weatherDesc=Patchy rain nearby, precipMM=15.3, feelsLikeC=18}, LocalInfo{date=Fri Jan 16 00:00:00 GMT 2015, tempC=13, weatherDesc=Light rain shower, precipMM=4.4, feelsLikeC=10}, LocalInfo{date=Sat Jan 17 00:00:00 GMT 2015, tempC=15, weatherDesc=Partly Cloudy , precipMM=2.6, feelsLikeC=15}, LocalInfo{date=Sun Jan 18 00:00:00 GMT 2015, tempC=18, weatherDesc=Partly Cloudy , precipMM=25.7, feelsLikeC=16}, LocalInfo{date=Mon Jan 19 00:00:00 GMT 2015, tempC=13, weatherDesc=Sunny, precipMM=0.0, feelsLikeC=9}, LocalInfo{date=Tue Jan 20 00:00:00 GMT 2015, tempC=13, weatherDesc=Light rain shower, precipMM=3.5, feelsLikeC=10}, LocalInfo{date=Wed Jan 21 00:00:00 GMT 2015, tempC=13, weatherDesc=Light rain shower, precipMM=0.9, feelsLikeC=10}, LocalInfo{date=Thu Jan 22 00:00:00 GMT 2015, tempC=14, weatherDesc=Light drizzle, precipMM=2.7, feelsLikeC=11}, LocalInfo{date=Fri Jan 23 00:00:00 GMT 2015, tempC=17, weatherDesc=Patchy rain nearby, precipMM=0.3, feelsLikeC=16}, LocalInfo{date=Sat Jan 24 00:00:00 GMT 2015, tempC=16, weatherDesc=Sunny, precipMM=0.0, feelsLikeC=14}, LocalInfo{date=Sun Jan 25 00:00:00 GMT 2015, tempC=18, weatherDesc=Partly Cloudy , precipMM=0.0, feelsLikeC=17}, LocalInfo{date=Mon Jan 26 00:00:00 GMT 2015, tempC=16, weatherDesc=Sunny, precipMM=0.0, feelsLikeC=16}, LocalInfo{date=Tue Jan 27 00:00:00 GMT 2015, tempC=18, weatherDesc=Sunny, precipMM=0.0, feelsLikeC=16}, LocalInfo{date=Wed Jan 28 00:00:00 GMT 2015, tempC=18, weatherDesc=Sunny, precipMM=0.0, feelsLikeC=16}, LocalInfo{date=Thu Jan 29 00:00:00 GMT 2015, tempC=17, weatherDesc=Patchy rain nearby, precipMM=0.7, feelsLikeC=16}, LocalInfo{date=Fri Jan 30 00:00:00 GMT 2015, tempC=17, weatherDesc=Light drizzle, precipMM=3.1, feelsLikeC=16}, LocalInfo{date=Sat Jan 31 00:00:00 GMT 2015, tempC=15, weatherDesc=Partly Cloudy , precipMM=1.7, feelsLikeC=12}, LocalInfo{date=Sun Feb 01 00:00:00 GMT 2015, tempC=13, weatherDesc=Light rain shower, precipMM=0.5, feelsLikeC=10}, LocalInfo{date=Mon Feb 02 00:00:00 GMT 2015, tempC=16, weatherDesc=Light rain shower, precipMM=1.4, feelsLikeC=12}, LocalInfo{date=Tue Feb 03 00:00:00 GMT 2015, tempC=13, weatherDesc=Patchy rain nearby, precipMM=0.8, feelsLikeC=12}, LocalInfo{date=Wed Feb 04 00:00:00 GMT 2015, tempC=12, weatherDesc=Sunny, precipMM=0.2, feelsLikeC=8}, LocalInfo{date=Thu Feb 05 00:00:00 GMT 2015, tempC=12, weatherDesc=Sunny, precipMM=0.0, feelsLikeC=9}, LocalInfo{date=Fri Feb 06 00:00:00 GMT 2015, tempC=14, weatherDesc=Sunny, precipMM=1.8, feelsLikeC=11}, LocalInfo{date=Sat Feb 07 00:00:00 GMT 2015, tempC=11, weatherDesc=Sunny, precipMM=0.0, feelsLikeC=7}, LocalInfo{date=Sun Feb 08 00:00:00 GMT 2015, tempC=12, weatherDesc=Sunny, precipMM=0.0, feelsLikeC=6}, LocalInfo{date=Mon Feb 09 00:00:00 GMT 2015, tempC=15, weatherDesc=Sunny, precipMM=0.0, feelsLikeC=10}, LocalInfo{date=Tue Feb 10 00:00:00 GMT 2015, tempC=14, weatherDesc=Patchy rain nearby, precipMM=1.1, feelsLikeC=10}, LocalInfo{date=Wed Feb 11 00:00:00 GMT 2015, tempC=15, weatherDesc=Cloudy , precipMM=0.0, feelsLikeC=12}, LocalInfo{date=Thu Feb 12 00:00:00 GMT 2015, tempC=16, weatherDesc=Sunny, precipMM=0.0, feelsLikeC=16}, LocalInfo{date=Fri Feb 13 00:00:00 GMT 2015, tempC=16, weatherDesc=Sunny, precipMM=0.3, feelsLikeC=14}, LocalInfo{date=Sat Feb 14 00:00:00 GMT 2015, tempC=16, weatherDesc=Cloudy , precipMM=0.5, feelsLikeC=16}, LocalInfo{date=Sun Feb 15 00:00:00 GMT 2015, tempC=15, weatherDesc=Cloudy , precipMM=1.2, feelsLikeC=13}]>
	at junit.framework.Assert.fail(Assert.java:50)
	at junit.framework.Assert.failNotEquals(Assert.java:287)
	at junit.framework.Assert.assertEquals(Assert.java:67)
	at junit.framework.Assert.assertEquals(Assert.java:74)
	at pt.isel.mpd.weathergw.test.TestCityLazyInit.test_city_lazy_init(TestCityLazyInit.java:38)
	at sun.reflect.NativeMethodAccessorImpl.invoke0(Native Method)
	at sun.reflect.NativeMethodAccessorImpl.invoke(NativeMethodAccessorImpl.java:62)
	at sun.reflect.DelegatingMethodAccessorImpl.invoke(DelegatingMethodAccessorImpl.java:43)
	at java.lang.reflect.Method.invoke(Method.java:483)
	at junit.framework.TestCase.runTest(TestCase.java:168)
	at junit.framework.TestCase.runBare(TestCase.java:134)
	at junit.framework.TestResult$1.protect(TestResult.java:110)
	at junit.framework.TestResult.runProtected(TestResult.java:128)
	at junit.framework.TestResult.run(TestResult.java:113)
	at junit.framework.TestCase.run(TestCase.java:124)
	at junit.framework.TestSuite.runTest(TestSuite.java:243)
	at junit.framework.TestSuite.run(TestSuite.java:238)
	at org.junit.internal.runners.JUnit38ClassRunner.run(JUnit38ClassRunner.java:83)
	at org.apache.maven.surefire.junit4.JUnit4TestSet.execute(JUnit4TestSet.java:53)
	at org.apache.maven.surefire.junit4.JUnit4Provider.executeTestSet(JUnit4Provider.java:123)
	at org.apache.maven.surefire.junit4.JUnit4Provider.invoke(JUnit4Provider.java:104)
	at sun.reflect.NativeMethodAccessorImpl.invoke0(Native Method)
	at sun.reflect.NativeMethodAccessorImpl.invoke(NativeMethodAccessorImpl.java:62)
	at sun.reflect.DelegatingMethodAccessorImpl.invoke(DelegatingMethodAccessorImpl.java:43)
	at java.lang.reflect.Method.invoke(Method.java:483)
	at org.apache.maven.surefire.util.ReflectionUtils.invokeMethodWithArray(ReflectionUtils.java:164)
	at org.apache.maven.surefire.booter.ProviderFactory$ProviderProxy.invoke(ProviderFactory.java:110)
	at org.apache.maven.surefire.booter.SurefireStarter.invokeProvider(SurefireStarter.java:175)
	at org.apache.maven.surefire.booter.SurefireStarter.runSuitesInProcessWhenForked(SurefireStarter.java:107)
	at org.apache.maven.surefire.booter.ForkedBooter.main(ForkedBooter.java:68)
